[1.526s] Invoking command in '/home/sreylenchab/ros2_ws/src/my_robot_gui': PYTHONPATH=/home/sreylenchab/ros2_ws/src/my_robot_gui/build/my_robot_gui/prefix_override:/home/sreylenchab/ros2_ws/src/my_robot_gui/install/my_robot_gui/lib/python3.10/site-packages:${PYTHONPATH} /usr/bin/python3 -W ignore:setup.py install is deprecated setup.py egg_info --egg-base build/my_robot_gui build --build-base /home/sreylenchab/ros2_ws/src/my_robot_gui/build/my_robot_gui/build install --record /home/sreylenchab/ros2_ws/src/my_robot_gui/build/my_robot_gui/install.log --install-scripts $base/lib/my_robot_gui --single-version-externally-managed install_data
[2.045s] /usr/lib/python3/dist-packages/setuptools/dist.py:723: UserWarning: Usage of dash-separated 'script-dir' will not be supported in future versions. Please use the underscore name 'script_dir' instead
[2.046s]   warnings.warn(
[2.070s] running egg_info
[2.073s] creating build/my_robot_gui/my_robot_gui.egg-info
[2.073s] writing build/my_robot_gui/my_robot_gui.egg-info/PKG-INFO
[2.074s] writing dependency_links to build/my_robot_gui/my_robot_gui.egg-info/dependency_links.txt
[2.075s] writing entry points to build/my_robot_gui/my_robot_gui.egg-info/entry_points.txt
[2.075s] writing requirements to build/my_robot_gui/my_robot_gui.egg-info/requires.txt
[2.076s] writing top-level names to build/my_robot_gui/my_robot_gui.egg-info/top_level.txt
[2.077s] writing manifest file 'build/my_robot_gui/my_robot_gui.egg-info/SOURCES.txt'
[2.082s] reading manifest file 'build/my_robot_gui/my_robot_gui.egg-info/SOURCES.txt'
[2.086s] writing manifest file 'build/my_robot_gui/my_robot_gui.egg-info/SOURCES.txt'
[2.086s] running build
[2.087s] running build_py
[2.088s] creating /home/sreylenchab/ros2_ws/src/my_robot_gui/build/my_robot_gui/build
[2.089s] creating /home/sreylenchab/ros2_ws/src/my_robot_gui/build/my_robot_gui/build/lib
[2.090s] creating /home/sreylenchab/ros2_ws/src/my_robot_gui/build/my_robot_gui/build/lib/my_robot_gui
[2.091s] copying my_robot_gui/draw_circle.py -> /home/sreylenchab/ros2_ws/src/my_robot_gui/build/my_robot_gui/build/lib/my_robot_gui
[2.091s] copying my_robot_gui/pose_subscriber.py -> /home/sreylenchab/ros2_ws/src/my_robot_gui/build/my_robot_gui/build/lib/my_robot_gui
[2.092s] copying my_robot_gui/data_publisher.py -> /home/sreylenchab/ros2_ws/src/my_robot_gui/build/my_robot_gui/build/lib/my_robot_gui
[2.093s] copying my_robot_gui/__init__.py -> /home/sreylenchab/ros2_ws/src/my_robot_gui/build/my_robot_gui/build/lib/my_robot_gui
[2.093s] running install
[2.093s] running install_lib
[2.094s] creating /home/sreylenchab/ros2_ws/src/my_robot_gui/install/my_robot_gui/lib/python3.10/site-packages/my_robot_gui
[2.096s] copying /home/sreylenchab/ros2_ws/src/my_robot_gui/build/my_robot_gui/build/lib/my_robot_gui/draw_circle.py -> /home/sreylenchab/ros2_ws/src/my_robot_gui/install/my_robot_gui/lib/python3.10/site-packages/my_robot_gui
[2.097s] copying /home/sreylenchab/ros2_ws/src/my_robot_gui/build/my_robot_gui/build/lib/my_robot_gui/pose_subscriber.py -> /home/sreylenchab/ros2_ws/src/my_robot_gui/install/my_robot_gui/lib/python3.10/site-packages/my_robot_gui
[2.097s] copying /home/sreylenchab/ros2_ws/src/my_robot_gui/build/my_robot_gui/build/lib/my_robot_gui/data_publisher.py -> /home/sreylenchab/ros2_ws/src/my_robot_gui/install/my_robot_gui/lib/python3.10/site-packages/my_robot_gui
[2.098s] copying /home/sreylenchab/ros2_ws/src/my_robot_gui/build/my_robot_gui/build/lib/my_robot_gui/__init__.py -> /home/sreylenchab/ros2_ws/src/my_robot_gui/install/my_robot_gui/lib/python3.10/site-packages/my_robot_gui
[2.098s] byte-compiling /home/sreylenchab/ros2_ws/src/my_robot_gui/install/my_robot_gui/lib/python3.10/site-packages/my_robot_gui/draw_circle.py to draw_circle.cpython-310.pyc
[2.100s] byte-compiling /home/sreylenchab/ros2_ws/src/my_robot_gui/install/my_robot_gui/lib/python3.10/site-packages/my_robot_gui/pose_subscriber.py to pose_subscriber.cpython-310.pyc
[2.105s] byte-compiling /home/sreylenchab/ros2_ws/src/my_robot_gui/install/my_robot_gui/lib/python3.10/site-packages/my_robot_gui/data_publisher.py to data_publisher.cpython-310.pyc
[2.106s] byte-compiling /home/sreylenchab/ros2_ws/src/my_robot_gui/install/my_robot_gui/lib/python3.10/site-packages/my_robot_gui/__init__.py to __init__.cpython-310.pyc
[2.107s] running install_data
[2.108s] creating /home/sreylenchab/ros2_ws/src/my_robot_gui/install/my_robot_gui/share/ament_index
[2.109s] creating /home/sreylenchab/ros2_ws/src/my_robot_gui/install/my_robot_gui/share/ament_index/resource_index
[2.110s] creating /home/sreylenchab/ros2_ws/src/my_robot_gui/install/my_robot_gui/share/ament_index/resource_index/packages
[2.111s] copying resource/my_robot_gui -> /home/sreylenchab/ros2_ws/src/my_robot_gui/install/my_robot_gui/share/ament_index/resource_index/packages
[2.111s] copying package.xml -> /home/sreylenchab/ros2_ws/src/my_robot_gui/install/my_robot_gui/share/my_robot_gui
[2.111s] running install_egg_info
[2.116s] Copying build/my_robot_gui/my_robot_gui.egg-info to /home/sreylenchab/ros2_ws/src/my_robot_gui/install/my_robot_gui/lib/python3.10/site-packages/my_robot_gui-0.0.0-py3.10.egg-info
[2.119s] running install_scripts
[2.172s] Installing data_publisher script to /home/sreylenchab/ros2_ws/src/my_robot_gui/install/my_robot_gui/lib/my_robot_gui
[2.173s] Installing draw_circle script to /home/sreylenchab/ros2_ws/src/my_robot_gui/install/my_robot_gui/lib/my_robot_gui
[2.173s] Installing pose_subscriber script to /home/sreylenchab/ros2_ws/src/my_robot_gui/install/my_robot_gui/lib/my_robot_gui
[2.174s] writing list of installed files to '/home/sreylenchab/ros2_ws/src/my_robot_gui/build/my_robot_gui/install.log'
[2.237s] Invoked command in '/home/sreylenchab/ros2_ws/src/my_robot_gui' returned '0': PYTHONPATH=/home/sreylenchab/ros2_ws/src/my_robot_gui/build/my_robot_gui/prefix_override:/home/sreylenchab/ros2_ws/src/my_robot_gui/install/my_robot_gui/lib/python3.10/site-packages:${PYTHONPATH} /usr/bin/python3 -W ignore:setup.py install is deprecated setup.py egg_info --egg-base build/my_robot_gui build --build-base /home/sreylenchab/ros2_ws/src/my_robot_gui/build/my_robot_gui/build install --record /home/sreylenchab/ros2_ws/src/my_robot_gui/build/my_robot_gui/install.log --install-scripts $base/lib/my_robot_gui --single-version-externally-managed install_data
