/home/sreylenchab/ros2_ws/src/my_robot_gui/install/my_robot_gui/lib/python3.10/site-packages/my_robot_gui/draw_circle.py
/home/sreylenchab/ros2_ws/src/my_robot_gui/install/my_robot_gui/lib/python3.10/site-packages/my_robot_gui/pose_subscriber.py
/home/sreylenchab/ros2_ws/src/my_robot_gui/install/my_robot_gui/lib/python3.10/site-packages/my_robot_gui/data_publisher.py
/home/sreylenchab/ros2_ws/src/my_robot_gui/install/my_robot_gui/lib/python3.10/site-packages/my_robot_gui/__init__.py
/home/sreylenchab/ros2_ws/src/my_robot_gui/install/my_robot_gui/lib/python3.10/site-packages/my_robot_gui/__pycache__/draw_circle.cpython-310.pyc
/home/sreylenchab/ros2_ws/src/my_robot_gui/install/my_robot_gui/lib/python3.10/site-packages/my_robot_gui/__pycache__/pose_subscriber.cpython-310.pyc
/home/sreylenchab/ros2_ws/src/my_robot_gui/install/my_robot_gui/lib/python3.10/site-packages/my_robot_gui/__pycache__/data_publisher.cpython-310.pyc
/home/sreylenchab/ros2_ws/src/my_robot_gui/install/my_robot_gui/lib/python3.10/site-packages/my_robot_gui/__pycache__/__init__.cpython-310.pyc
/home/sreylenchab/ros2_ws/src/my_robot_gui/install/my_robot_gui/share/ament_index/resource_index/packages/my_robot_gui
/home/sreylenchab/ros2_ws/src/my_robot_gui/install/my_robot_gui/share/my_robot_gui/package.xml
/home/sreylenchab/ros2_ws/src/my_robot_gui/install/my_robot_gui/lib/python3.10/site-packages/my_robot_gui-0.0.0-py3.10.egg-info/top_level.txt
/home/sreylenchab/ros2_ws/src/my_robot_gui/install/my_robot_gui/lib/python3.10/site-packages/my_robot_gui-0.0.0-py3.10.egg-info/dependency_links.txt
/home/sreylenchab/ros2_ws/src/my_robot_gui/install/my_robot_gui/lib/python3.10/site-packages/my_robot_gui-0.0.0-py3.10.egg-info/entry_points.txt
/home/sreylenchab/ros2_ws/src/my_robot_gui/install/my_robot_gui/lib/python3.10/site-packages/my_robot_gui-0.0.0-py3.10.egg-info/SOURCES.txt
/home/sreylenchab/ros2_ws/src/my_robot_gui/install/my_robot_gui/lib/python3.10/site-packages/my_robot_gui-0.0.0-py3.10.egg-info/requires.txt
/home/sreylenchab/ros2_ws/src/my_robot_gui/install/my_robot_gui/lib/python3.10/site-packages/my_robot_gui-0.0.0-py3.10.egg-info/PKG-INFO
/home/sreylenchab/ros2_ws/src/my_robot_gui/install/my_robot_gui/lib/python3.10/site-packages/my_robot_gui-0.0.0-py3.10.egg-info/zip-safe
/home/sreylenchab/ros2_ws/src/my_robot_gui/install/my_robot_gui/lib/my_robot_gui/data_publisher
/home/sreylenchab/ros2_ws/src/my_robot_gui/install/my_robot_gui/lib/my_robot_gui/draw_circle
/home/sreylenchab/ros2_ws/src/my_robot_gui/install/my_robot_gui/lib/my_robot_gui/pose_subscriber
