[0.276s] DEBUG:colcon:Command line arguments: ['/usr/bin/colcon', 'build']
[0.276s] DEBUG:colcon:Parsed command line arguments: Namespace(log_base=None, log_level=None, verb_name='build', build_base='build', install_base='install', merge_install=False, symlink_install=False, test_result_base=None, continue_on_error=False, executor='parallel', parallel_workers=16, event_handlers=None, ignore_user_meta=False, metas=['./colcon.meta'], base_paths=['.'], packages_ignore=None, packages_ignore_regex=None, paths=None, packages_up_to=None, packages_up_to_regex=None, packages_above=None, packages_above_and_dependencies=None, packages_above_depth=None, packages_select_by_dep=None, packages_skip_by_dep=None, packages_skip_up_to=None, packages_select_build_failed=False, packages_skip_build_finished=False, packages_select_test_failures=False, packages_skip_test_passed=False, packages_select=None, packages_skip=None, packages_select_regex=None, packages_skip_regex=None, packages_start=None, packages_end=None, allow_overriding=[], cmake_args=None, cmake_target=None, cmake_target_skip_unavailable=False, cmake_clean_cache=False, cmake_clean_first=False, cmake_force_configure=False, ament_cmake_args=None, catkin_cmake_args=None, catkin_skip_building_tests=False, mixin_files=None, mixin=None, verb_parser=<colcon_mixin.mixin.mixin_argument.MixinArgumentDecorator object at 0x7faf3cff5120>, verb_extension=<colcon_core.verb.build.BuildVerb object at 0x7faf3cff48b0>, main=<bound method BuildVerb.main of <colcon_core.verb.build.BuildVerb object at 0x7faf3cff48b0>>, mixin_verb=('build',))
[0.506s] Level 1:colcon.colcon_core.package_discovery:discover_packages(colcon_meta) check parameters
[0.506s] Level 1:colcon.colcon_core.package_discovery:discover_packages(recursive) check parameters
[0.506s] Level 1:colcon.colcon_core.package_discovery:discover_packages(ignore) check parameters
[0.506s] Level 1:colcon.colcon_core.package_discovery:discover_packages(path) check parameters
[0.506s] Level 1:colcon.colcon_core.package_discovery:discover_packages(colcon_meta) discover
[0.506s] Level 1:colcon.colcon_core.package_discovery:discover_packages(recursive) discover
[0.507s] INFO:colcon.colcon_core.package_discovery:Crawling recursively for packages in '/home/sreylenchab/ros2_ws/src/my_robot_gui'
[0.507s] Level 1:colcon.colcon_core.package_identification:_identify(.) by extensions ['ignore', 'ignore_ament_install']
[0.507s] Level 1:colcon.colcon_core.package_identification:_identify(.) by extension 'ignore'
[0.508s] Level 1:colcon.colcon_core.package_identification:_identify(.) by extension 'ignore_ament_install'
[0.508s] Level 1:colcon.colcon_core.package_identification:_identify(.) by extensions ['colcon_pkg']
[0.508s] Level 1:colcon.colcon_core.package_identification:_identify(.) by extension 'colcon_pkg'
[0.508s] Level 1:colcon.colcon_core.package_identification:_identify(.) by extensions ['colcon_meta']
[0.509s] Level 1:colcon.colcon_core.package_identification:_identify(.) by extension 'colcon_meta'
[0.509s] Level 1:colcon.colcon_core.package_identification:_identify(.) by extensions ['ros']
[0.509s] Level 1:colcon.colcon_core.package_identification:_identify(.) by extension 'ros'
[0.536s] DEBUG:colcon.colcon_core.package_identification:Package '.' with type 'ros.ament_python' and name 'my_robot_gui'
[0.537s] Level 1:colcon.colcon_core.package_discovery:discover_packages(recursive) using defaults
[0.537s] Level 1:colcon.colcon_core.package_discovery:discover_packages(ignore) discover
[0.537s] Level 1:colcon.colcon_core.package_discovery:discover_packages(ignore) using defaults
[0.537s] Level 1:colcon.colcon_core.package_discovery:discover_packages(path) discover
[0.537s] Level 1:colcon.colcon_core.package_discovery:discover_packages(path) using defaults
[0.613s] Level 1:colcon.colcon_core.package_discovery:discover_packages(prefix_path) check parameters
[0.613s] Level 1:colcon.colcon_core.package_discovery:discover_packages(prefix_path) discover
[0.615s] WARNING:colcon.colcon_core.prefix_path.colcon:The path '/home/sreylenchab/ros2_ws/install' in the environment variable COLCON_PREFIX_PATH doesn't exist
[0.616s] WARNING:colcon.colcon_ros.prefix_path.ament:The path '/home/sreylenchab/ros2_ws/install/my_robot_gui' in the environment variable AMENT_PREFIX_PATH doesn't exist
[0.618s] DEBUG:colcon.colcon_installed_package_information.package_discovery:Found 270 installed packages in /opt/ros/humble
[0.626s] Level 1:colcon.colcon_core.package_discovery:discover_packages(prefix_path) using defaults
[0.798s] Level 5:colcon.colcon_core.verb:set package 'my_robot_gui' build argument 'cmake_args' from command line to 'None'
[0.798s] Level 5:colcon.colcon_core.verb:set package 'my_robot_gui' build argument 'cmake_target' from command line to 'None'
[0.798s] Level 5:colcon.colcon_core.verb:set package 'my_robot_gui' build argument 'cmake_target_skip_unavailable' from command line to 'False'
[0.798s] Level 5:colcon.colcon_core.verb:set package 'my_robot_gui' build argument 'cmake_clean_cache' from command line to 'False'
[0.798s] Level 5:colcon.colcon_core.verb:set package 'my_robot_gui' build argument 'cmake_clean_first' from command line to 'False'
[0.798s] Level 5:colcon.colcon_core.verb:set package 'my_robot_gui' build argument 'cmake_force_configure' from command line to 'False'
[0.798s] Level 5:colcon.colcon_core.verb:set package 'my_robot_gui' build argument 'ament_cmake_args' from command line to 'None'
[0.798s] Level 5:colcon.colcon_core.verb:set package 'my_robot_gui' build argument 'catkin_cmake_args' from command line to 'None'
[0.798s] Level 5:colcon.colcon_core.verb:set package 'my_robot_gui' build argument 'catkin_skip_building_tests' from command line to 'False'
[0.798s] DEBUG:colcon.colcon_core.verb:Building package 'my_robot_gui' with the following arguments: {'ament_cmake_args': None, 'build_base': '/home/sreylenchab/ros2_ws/src/my_robot_gui/build/my_robot_gui', 'catkin_cmake_args': None, 'catkin_skip_building_tests': False, 'cmake_args': None, 'cmake_clean_cache': False, 'cmake_clean_first': False, 'cmake_force_configure': False, 'cmake_target': None, 'cmake_target_skip_unavailable': False, 'install_base': '/home/sreylenchab/ros2_ws/src/my_robot_gui/install/my_robot_gui', 'merge_install': False, 'path': '/home/sreylenchab/ros2_ws/src/my_robot_gui', 'symlink_install': False, 'test_result_base': None}
[0.799s] INFO:colcon.colcon_core.executor:Executing jobs using 'parallel' executor
[0.802s] DEBUG:colcon.colcon_parallel_executor.executor.parallel:run_until_complete
[0.803s] INFO:colcon.colcon_ros.task.ament_python.build:Building ROS package in '/home/sreylenchab/ros2_ws/src/my_robot_gui' with build type 'ament_python'
[0.805s] Level 1:colcon.colcon_core.shell:create_environment_hook('my_robot_gui', 'ament_prefix_path')
[0.810s] INFO:colcon.colcon_core.plugin_system:Skipping extension 'colcon_core.shell.bat': Not used on non-Windows systems
[0.810s] INFO:colcon.colcon_core.shell:Creating environment hook '/home/sreylenchab/ros2_ws/src/my_robot_gui/install/my_robot_gui/share/my_robot_gui/hook/ament_prefix_path.ps1'
[0.814s] INFO:colcon.colcon_core.shell:Creating environment descriptor '/home/sreylenchab/ros2_ws/src/my_robot_gui/install/my_robot_gui/share/my_robot_gui/hook/ament_prefix_path.dsv'
[0.816s] INFO:colcon.colcon_core.shell:Creating environment hook '/home/sreylenchab/ros2_ws/src/my_robot_gui/install/my_robot_gui/share/my_robot_gui/hook/ament_prefix_path.sh'
[0.818s] INFO:colcon.colcon_core.shell:Skip shell extension 'powershell' for command environment: Not usable outside of PowerShell
[0.819s] DEBUG:colcon.colcon_core.shell:Skip shell extension 'dsv' for command environment
[1.491s] INFO:colcon.colcon_core.task.python.build:Building Python package in '/home/sreylenchab/ros2_ws/src/my_robot_gui'
[1.491s] INFO:colcon.colcon_core.shell:Skip shell extension 'powershell' for command environment: Not usable outside of PowerShell
[1.491s] DEBUG:colcon.colcon_core.shell:Skip shell extension 'dsv' for command environment
[1.903s] DEBUG:colcon.colcon_core.event_handler.log_command:Invoking command in '/home/sreylenchab/ros2_ws/src/my_robot_gui': PYTHONPATH=/home/sreylenchab/ros2_ws/src/my_robot_gui/build/my_robot_gui/prefix_override:/home/sreylenchab/ros2_ws/src/my_robot_gui/install/my_robot_gui/lib/python3.10/site-packages:${PYTHONPATH} WSLENV=ELECTRON_RUN_AS_NODE/w: /usr/bin/python3 -W ignore:setup.py install is deprecated setup.py egg_info --egg-base build/my_robot_gui build --build-base /home/sreylenchab/ros2_ws/src/my_robot_gui/build/my_robot_gui/build install --record /home/sreylenchab/ros2_ws/src/my_robot_gui/build/my_robot_gui/install.log --install-scripts $base/lib/my_robot_gui --single-version-externally-managed install_data
[2.172s] DEBUG:colcon.colcon_core.event_handler.log_command:Invoked command in '/home/sreylenchab/ros2_ws/src/my_robot_gui' returned '0': PYTHONPATH=/home/sreylenchab/ros2_ws/src/my_robot_gui/build/my_robot_gui/prefix_override:/home/sreylenchab/ros2_ws/src/my_robot_gui/install/my_robot_gui/lib/python3.10/site-packages:${PYTHONPATH} WSLENV=ELECTRON_RUN_AS_NODE/w: /usr/bin/python3 -W ignore:setup.py install is deprecated setup.py egg_info --egg-base build/my_robot_gui build --build-base /home/sreylenchab/ros2_ws/src/my_robot_gui/build/my_robot_gui/build install --record /home/sreylenchab/ros2_ws/src/my_robot_gui/build/my_robot_gui/install.log --install-scripts $base/lib/my_robot_gui --single-version-externally-managed install_data
[2.174s] Level 1:colcon.colcon_core.environment:checking '/home/sreylenchab/ros2_ws/src/my_robot_gui/install/my_robot_gui' for CMake module files
[2.175s] Level 1:colcon.colcon_core.environment:checking '/home/sreylenchab/ros2_ws/src/my_robot_gui/install/my_robot_gui' for CMake config files
[2.176s] Level 1:colcon.colcon_core.environment:checking '/home/sreylenchab/ros2_ws/src/my_robot_gui/install/my_robot_gui/lib'
[2.176s] Level 1:colcon.colcon_core.environment:checking '/home/sreylenchab/ros2_ws/src/my_robot_gui/install/my_robot_gui/bin'
[2.176s] Level 1:colcon.colcon_core.environment:checking '/home/sreylenchab/ros2_ws/src/my_robot_gui/install/my_robot_gui/lib/pkgconfig/my_robot_gui.pc'
[2.176s] Level 1:colcon.colcon_core.environment:checking '/home/sreylenchab/ros2_ws/src/my_robot_gui/install/my_robot_gui/lib/python3.10/site-packages'
[2.176s] Level 1:colcon.colcon_core.shell:create_environment_hook('my_robot_gui', 'pythonpath')
[2.177s] INFO:colcon.colcon_core.shell:Creating environment hook '/home/sreylenchab/ros2_ws/src/my_robot_gui/install/my_robot_gui/share/my_robot_gui/hook/pythonpath.ps1'
[2.177s] INFO:colcon.colcon_core.shell:Creating environment descriptor '/home/sreylenchab/ros2_ws/src/my_robot_gui/install/my_robot_gui/share/my_robot_gui/hook/pythonpath.dsv'
[2.178s] INFO:colcon.colcon_core.shell:Creating environment hook '/home/sreylenchab/ros2_ws/src/my_robot_gui/install/my_robot_gui/share/my_robot_gui/hook/pythonpath.sh'
[2.179s] Level 1:colcon.colcon_core.environment:checking '/home/sreylenchab/ros2_ws/src/my_robot_gui/install/my_robot_gui/bin'
[2.179s] Level 1:colcon.colcon_core.environment:create_environment_scripts_only(my_robot_gui)
[2.179s] INFO:colcon.colcon_core.shell:Creating package script '/home/sreylenchab/ros2_ws/src/my_robot_gui/install/my_robot_gui/share/my_robot_gui/package.ps1'
[2.180s] INFO:colcon.colcon_core.shell:Creating package descriptor '/home/sreylenchab/ros2_ws/src/my_robot_gui/install/my_robot_gui/share/my_robot_gui/package.dsv'
[2.181s] INFO:colcon.colcon_core.shell:Creating package script '/home/sreylenchab/ros2_ws/src/my_robot_gui/install/my_robot_gui/share/my_robot_gui/package.sh'
[2.182s] INFO:colcon.colcon_core.shell:Creating package script '/home/sreylenchab/ros2_ws/src/my_robot_gui/install/my_robot_gui/share/my_robot_gui/package.bash'
[2.183s] INFO:colcon.colcon_core.shell:Creating package script '/home/sreylenchab/ros2_ws/src/my_robot_gui/install/my_robot_gui/share/my_robot_gui/package.zsh'
[2.184s] Level 1:colcon.colcon_core.environment:create_file_with_runtime_dependencies(/home/sreylenchab/ros2_ws/src/my_robot_gui/install/my_robot_gui/share/colcon-core/packages/my_robot_gui)
[2.185s] DEBUG:colcon.colcon_parallel_executor.executor.parallel:closing loop
[2.185s] DEBUG:colcon.colcon_parallel_executor.executor.parallel:loop closed
[2.185s] DEBUG:colcon.colcon_parallel_executor.executor.parallel:run_until_complete finished with '0'
[2.186s] DEBUG:colcon.colcon_core.event_reactor:joining thread
[2.230s] INFO:colcon.colcon_core.plugin_system:Skipping extension 'colcon_notification.desktop_notification.notify_send': Could not find 'notify-send'
[2.230s] INFO:colcon.colcon_core.plugin_system:Skipping extension 'colcon_notification.desktop_notification.terminal_notifier': Not used on non-Darwin systems
[2.230s] INFO:colcon.colcon_core.plugin_system:Skipping extension 'colcon_notification.desktop_notification.win32': Not used on non-Windows systems
[2.230s] INFO:colcon.colcon_notification.desktop_notification:Sending desktop notification using 'notify2'
[2.230s] DEBUG:colcon.colcon_notification.desktop_notification.notify2:Failed to initialize notify2: org.freedesktop.DBus.Error.FileNotFound: Failed to connect to socket /run/user/1000/bus: No such file or directory
[2.230s] DEBUG:colcon.colcon_core.event_reactor:joined thread
[2.231s] INFO:colcon.colcon_core.shell:Creating prefix script '/home/sreylenchab/ros2_ws/src/my_robot_gui/install/local_setup.ps1'
[2.232s] INFO:colcon.colcon_core.shell:Creating prefix util module '/home/sreylenchab/ros2_ws/src/my_robot_gui/install/_local_setup_util_ps1.py'
[2.234s] INFO:colcon.colcon_core.shell:Creating prefix chain script '/home/sreylenchab/ros2_ws/src/my_robot_gui/install/setup.ps1'
[2.235s] INFO:colcon.colcon_core.shell:Creating prefix script '/home/sreylenchab/ros2_ws/src/my_robot_gui/install/local_setup.sh'
[2.235s] INFO:colcon.colcon_core.shell:Creating prefix util module '/home/sreylenchab/ros2_ws/src/my_robot_gui/install/_local_setup_util_sh.py'
[2.236s] INFO:colcon.colcon_core.shell:Creating prefix chain script '/home/sreylenchab/ros2_ws/src/my_robot_gui/install/setup.sh'
[2.237s] INFO:colcon.colcon_core.shell:Creating prefix script '/home/sreylenchab/ros2_ws/src/my_robot_gui/install/local_setup.bash'
[2.238s] INFO:colcon.colcon_core.shell:Creating prefix chain script '/home/sreylenchab/ros2_ws/src/my_robot_gui/install/setup.bash'
[2.239s] INFO:colcon.colcon_core.shell:Creating prefix script '/home/sreylenchab/ros2_ws/src/my_robot_gui/install/local_setup.zsh'
[2.240s] INFO:colcon.colcon_core.shell:Creating prefix chain script '/home/sreylenchab/ros2_ws/src/my_robot_gui/install/setup.zsh'
