running egg_info
writing build/my_robot_gui/my_robot_gui.egg-info/PKG-INFO
writing dependency_links to build/my_robot_gui/my_robot_gui.egg-info/dependency_links.txt
writing entry points to build/my_robot_gui/my_robot_gui.egg-info/entry_points.txt
writing requirements to build/my_robot_gui/my_robot_gui.egg-info/requires.txt
writing top-level names to build/my_robot_gui/my_robot_gui.egg-info/top_level.txt
reading manifest file 'build/my_robot_gui/my_robot_gui.egg-info/SOURCES.txt'
writing manifest file 'build/my_robot_gui/my_robot_gui.egg-info/SOURCES.txt'
running build
running build_py
running install
running install_lib
running install_data
running install_egg_info
removing '/home/sreylenchab/ros2_ws/src/my_robot_gui/install/my_robot_gui/lib/python3.10/site-packages/my_robot_gui-0.0.0-py3.10.egg-info' (and everything under it)
Copying build/my_robot_gui/my_robot_gui.egg-info to /home/sreylenchab/ros2_ws/src/my_robot_gui/install/my_robot_gui/lib/python3.10/site-packages/my_robot_gui-0.0.0-py3.10.egg-info
running install_scripts
Installing data_publisher script to /home/sreylenchab/ros2_ws/src/my_robot_gui/install/my_robot_gui/lib/my_robot_gui
Installing draw_circle script to /home/sreylenchab/ros2_ws/src/my_robot_gui/install/my_robot_gui/lib/my_robot_gui
Installing pose_subscriber script to /home/sreylenchab/ros2_ws/src/my_robot_gui/install/my_robot_gui/lib/my_robot_gui
writing list of installed files to '/home/sreylenchab/ros2_ws/src/my_robot_gui/build/my_robot_gui/install.log'
